<?xml version='1.0'?>
<ns2:test-suite xmlns:ns2='urn:model.allure.qatools.yandex.ru' start='1619695206673' stop='1619695228915'>
    <name>Assign Leave for Vacation</name>
    <title>Assign Leave for Vacation</title>
    <test-cases>
        <test-case start='1619695206674' status='failed' stop='1619695211542'>
            <name>LoginPage</name>
            <title>LoginPage</title>
            <labels/>
            <parameters/>
            <steps/>
            <attachments/>
            <failure>
                <message>Expected true to be false.</message>
                <stack-trace>Error: Failed expectation
                    at loginPage.verifyHomePageafterLogin (C:\Users\satya\OneDrive\Desktop\Projects\ProtractorDemo\pages\loginPage.js:35:38)
                    at processTicksAndRejections (internal/process/task_queues.js:93:5)
                    at UserContext.&lt;anonymous> (C:\Users\satya\OneDrive\Desktop\Projects\ProtractorDemo\tests\orangeCRMDEMO.js:30:11)</stack-trace>
            </failure>
        </test-case>
        <test-case start='1619695211542' status='failed' stop='1619695228911'>
            <name>Add New Employee details</name>
            <title>Add New Employee details</title>
            <labels/>
            <parameters/>
            <steps/>
            <attachments/>
            <failure>
                <message>Failed: logging is not defined</message>
                <stack-trace>ReferenceError: logging is not defined
                    at UserContext.&lt;anonymous> (C:\Users\satya\OneDrive\Desktop\Projects\ProtractorDemo\tests\orangeCRMDEMO.js:87:52)
                    at C:\Users\satya\AppData\Roaming\npm\node_modules\protractor\node_modules\jasminewd2\index.js:112:25
                    at new ManagedPromise (C:\Users\satya\AppData\Roaming\npm\node_modules\protractor\node_modules\selenium-webdriver\lib\promise.js:1077:7)
                    at ControlFlow.promise (C:\Users\satya\AppData\Roaming\npm\node_modules\protractor\node_modules\selenium-webdriver\lib\promise.js:2505:12)
                    at schedulerExecute (C:\Users\satya\AppData\Roaming\npm\node_modules\protractor\node_modules\jasminewd2\index.js:95:18)
                    at TaskQueue.execute_ (C:\Users\satya\AppData\Roaming\npm\node_modules\protractor\node_modules\selenium-webdriver\lib\promise.js:3084:14)
                    at TaskQueue.executeNext_ (C:\Users\satya\AppData\Roaming\npm\node_modules\protractor\node_modules\selenium-webdriver\lib\promise.js:3067:27)
                    at C:\Users\satya\AppData\Roaming\npm\node_modules\protractor\node_modules\selenium-webdriver\lib\promise.js:2974:25
                    at C:\Users\satya\AppData\Roaming\npm\node_modules\protractor\node_modules\selenium-webdriver\lib\promise.js:668:7
                    at processTicksAndRejections (internal/process/task_queues.js:93:5)
                From: Task: Run afterEach in control flow
                    at UserContext.&lt;anonymous> (C:\Users\satya\AppData\Roaming\npm\node_modules\protractor\node_modules\jasminewd2\index.js:94:19)
                    at attempt (C:\Users\satya\AppData\Roaming\npm\node_modules\protractor\node_modules\jasmine-core\lib\jasmine-core\jasmine.js:4297:26)
                    at QueueRunner.run (C:\Users\satya\AppData\Roaming\npm\node_modules\protractor\node_modules\jasmine-core\lib\jasmine-core\jasmine.js:4217:20)
                    at runNext (C:\Users\satya\AppData\Roaming\npm\node_modules\protractor\node_modules\jasmine-core\lib\jasmine-core\jasmine.js:4257:20)
                    at C:\Users\satya\AppData\Roaming\npm\node_modules\protractor\node_modules\jasmine-core\lib\jasmine-core\jasmine.js:4264:13
                    at C:\Users\satya\AppData\Roaming\npm\node_modules\protractor\node_modules\jasmine-core\lib\jasmine-core\jasmine.js:4172:9
                    at C:\Users\satya\AppData\Roaming\npm\node_modules\protractor\node_modules\jasminewd2\index.js:64:48
                    at ControlFlow.emit (C:\Users\satya\AppData\Roaming\npm\node_modules\protractor\node_modules\selenium-webdriver\lib\events.js:62:21)
                    at ControlFlow.shutdown_ (C:\Users\satya\AppData\Roaming\npm\node_modules\protractor\node_modules\selenium-webdriver\lib\promise.js:2674:10)
                    at C:\Users\satya\AppData\Roaming\npm\node_modules\protractor\node_modules\selenium-webdriver\lib\promise.js:2599:53
                From asynchronous test: 
                Error
                    at Object.&lt;anonymous> (C:\Users\satya\OneDrive\Desktop\Projects\ProtractorDemo\tests\orangeCRMDEMO.js:85:3)
                    at Module._compile (internal/modules/cjs/loader.js:1063:30)
                    at Object.Module._extensions..js (internal/modules/cjs/loader.js:1092:10)
                    at Module.load (internal/modules/cjs/loader.js:928:32)
                    at Function.Module._load (internal/modules/cjs/loader.js:769:14)
                    at Module.require (internal/modules/cjs/loader.js:952:19)
                    at require (internal/modules/cjs/helpers.js:88:18)
                    at C:\Users\satya\AppData\Roaming\npm\node_modules\protractor\node_modules\jasmine\lib\jasmine.js:93:5
                    at Array.forEach (&lt;anonymous>)</stack-trace>
            </failure>
        </test-case>
    </test-cases>
</ns2:test-suite>